1583836985816	mozrunner::runner	INFO	Running command: "/Applications/Firefox Developer Edition.app/Contents/MacOS/firefox-bin" "-marionette" "-foreground" "-no-remote" "-profile" "/var/folders/gy/_51ddh5s1c16m2_q3rgjc_bc0000gn/T/rust_mozprofile.WEaWscnTyoSY"
1583836987101	addons.webextension.doh-rollout@mozilla.org	WARN	Loading extension 'doh-rollout@mozilla.org': Reading manifest: Invalid extension permission: networkStatus
1583836987618	addons.webextension.screenshots@mozilla.org	WARN	Loading extension 'screenshots@mozilla.org': Reading manifest: Invalid extension permission: mozillaAddons
1583836987619	addons.webextension.screenshots@mozilla.org	WARN	Loading extension 'screenshots@mozilla.org': Reading manifest: Invalid extension permission: telemetry
1583836987619	addons.webextension.screenshots@mozilla.org	WARN	Loading extension 'screenshots@mozilla.org': Reading manifest: Invalid extension permission: resource://pdf.js/
1583836987619	addons.webextension.screenshots@mozilla.org	WARN	Loading extension 'screenshots@mozilla.org': Reading manifest: Invalid extension permission: about:reader*
1583836990210	Marionette	INFO	Listening on port 56192
1583836990265	Marionette	WARN	TLS certificate errors will be ignored for this session
1583837011330	Marionette	INFO	Stopped listening on port 56192
1583837049218	mozrunner::runner	INFO	Running command: "/Applications/Firefox Developer Edition.app/Contents/MacOS/firefox-bin" "-marionette" "-foreground" "-no-remote" "-profile" "/var/folders/gy/_51ddh5s1c16m2_q3rgjc_bc0000gn/T/rust_mozprofile.wX8FdXGqRCS0"
1583837050380	addons.webextension.doh-rollout@mozilla.org	WARN	Loading extension 'doh-rollout@mozilla.org': Reading manifest: Invalid extension permission: networkStatus
1583837050894	addons.webextension.screenshots@mozilla.org	WARN	Loading extension 'screenshots@mozilla.org': Reading manifest: Invalid extension permission: mozillaAddons
1583837050894	addons.webextension.screenshots@mozilla.org	WARN	Loading extension 'screenshots@mozilla.org': Reading manifest: Invalid extension permission: telemetry
1583837050894	addons.webextension.screenshots@mozilla.org	WARN	Loading extension 'screenshots@mozilla.org': Reading manifest: Invalid extension permission: resource://pdf.js/
1583837050894	addons.webextension.screenshots@mozilla.org	WARN	Loading extension 'screenshots@mozilla.org': Reading manifest: Invalid extension permission: about:reader*
1583837053288	Marionette	INFO	Listening on port 56293
1583837053373	Marionette	WARN	TLS certificate errors will be ignored for this session
1583837060287	Marionette	INFO	Stopped listening on port 56293
1583837123739	mozrunner::runner	INFO	Running command: "/Applications/Firefox Developer Edition.app/Contents/MacOS/firefox-bin" "-marionette" "-foreground" "-no-remote" "-profile" "/var/folders/gy/_51ddh5s1c16m2_q3rgjc_bc0000gn/T/rust_mozprofile.Jx5gaPzBAXFq"
1583837124907	addons.webextension.doh-rollout@mozilla.org	WARN	Loading extension 'doh-rollout@mozilla.org': Reading manifest: Invalid extension permission: networkStatus
1583837125426	addons.webextension.screenshots@mozilla.org	WARN	Loading extension 'screenshots@mozilla.org': Reading manifest: Invalid extension permission: mozillaAddons
1583837125426	addons.webextension.screenshots@mozilla.org	WARN	Loading extension 'screenshots@mozilla.org': Reading manifest: Invalid extension permission: telemetry
1583837125426	addons.webextension.screenshots@mozilla.org	WARN	Loading extension 'screenshots@mozilla.org': Reading manifest: Invalid extension permission: resource://pdf.js/
1583837125426	addons.webextension.screenshots@mozilla.org	WARN	Loading extension 'screenshots@mozilla.org': Reading manifest: Invalid extension permission: about:reader*
1583837128100	Marionette	INFO	Listening on port 56410
1583837128175	Marionette	WARN	TLS certificate errors will be ignored for this session
1583837135011	Marionette	INFO	Stopped listening on port 56410
1583837146501	mozrunner::runner	INFO	Running command: "/Applications/Firefox Developer Edition.app/Contents/MacOS/firefox-bin" "-marionette" "-foreground" "-no-remote" "-profile" "/var/folders/gy/_51ddh5s1c16m2_q3rgjc_bc0000gn/T/rust_mozprofile.4giMTKFDa8zJ"
1583837147650	addons.webextension.doh-rollout@mozilla.org	WARN	Loading extension 'doh-rollout@mozilla.org': Reading manifest: Invalid extension permission: networkStatus
1583837148167	addons.webextension.screenshots@mozilla.org	WARN	Loading extension 'screenshots@mozilla.org': Reading manifest: Invalid extension permission: mozillaAddons
1583837148167	addons.webextension.screenshots@mozilla.org	WARN	Loading extension 'screenshots@mozilla.org': Reading manifest: Invalid extension permission: telemetry
1583837148167	addons.webextension.screenshots@mozilla.org	WARN	Loading extension 'screenshots@mozilla.org': Reading manifest: Invalid extension permission: resource://pdf.js/
1583837148167	addons.webextension.screenshots@mozilla.org	WARN	Loading extension 'screenshots@mozilla.org': Reading manifest: Invalid extension permission: about:reader*
1583837150726	Marionette	INFO	Listening on port 56501
1583837150743	Marionette	WARN	TLS certificate errors will be ignored for this session
1583837157306	Marionette	INFO	Stopped listening on port 56501
1583837280847	mozrunner::runner	INFO	Running command: "/Applications/Firefox Developer Edition.app/Contents/MacOS/firefox-bin" "-marionette" "-foreground" "-no-remote" "-profile" "/var/folders/gy/_51ddh5s1c16m2_q3rgjc_bc0000gn/T/rust_mozprofile.hDRBEvKiVSAx"
1583837282179	addons.webextension.doh-rollout@mozilla.org	WARN	Loading extension 'doh-rollout@mozilla.org': Reading manifest: Invalid extension permission: networkStatus
1583837282723	addons.webextension.screenshots@mozilla.org	WARN	Loading extension 'screenshots@mozilla.org': Reading manifest: Invalid extension permission: mozillaAddons
1583837282723	addons.webextension.screenshots@mozilla.org	WARN	Loading extension 'screenshots@mozilla.org': Reading manifest: Invalid extension permission: telemetry
1583837282723	addons.webextension.screenshots@mozilla.org	WARN	Loading extension 'screenshots@mozilla.org': Reading manifest: Invalid extension permission: resource://pdf.js/
1583837282723	addons.webextension.screenshots@mozilla.org	WARN	Loading extension 'screenshots@mozilla.org': Reading manifest: Invalid extension permission: about:reader*
1583837285614	Marionette	INFO	Listening on port 56641
1583837285698	Marionette	WARN	TLS certificate errors will be ignored for this session
1583837292791	Marionette	INFO	Stopped listening on port 56641
1583837360435	mozrunner::runner	INFO	Running command: "/Applications/Firefox Developer Edition.app/Contents/MacOS/firefox-bin" "-marionette" "-foreground" "-no-remote" "-profile" "/var/folders/gy/_51ddh5s1c16m2_q3rgjc_bc0000gn/T/rust_mozprofile.GRhNsX93fwZ7"
1583837361597	addons.webextension.doh-rollout@mozilla.org	WARN	Loading extension 'doh-rollout@mozilla.org': Reading manifest: Invalid extension permission: networkStatus
1583837362122	addons.webextension.screenshots@mozilla.org	WARN	Loading extension 'screenshots@mozilla.org': Reading manifest: Invalid extension permission: mozillaAddons
1583837362122	addons.webextension.screenshots@mozilla.org	WARN	Loading extension 'screenshots@mozilla.org': Reading manifest: Invalid extension permission: telemetry
1583837362122	addons.webextension.screenshots@mozilla.org	WARN	Loading extension 'screenshots@mozilla.org': Reading manifest: Invalid extension permission: resource://pdf.js/
1583837362122	addons.webextension.screenshots@mozilla.org	WARN	Loading extension 'screenshots@mozilla.org': Reading manifest: Invalid extension permission: about:reader*
1583837364941	Marionette	INFO	Listening on port 56749
1583837364997	Marionette	WARN	TLS certificate errors will be ignored for this session
1583837372936	Marionette	INFO	Stopped listening on port 56749
1583838151197	mozrunner::runner	INFO	Running command: "/Applications/Firefox Developer Edition.app/Contents/MacOS/firefox-bin" "-marionette" "-foreground" "-no-remote" "-profile" "/var/folders/gy/_51ddh5s1c16m2_q3rgjc_bc0000gn/T/rust_mozprofile.5QtXS1Lu1xbO"
1583838152321	addons.webextension.doh-rollout@mozilla.org	WARN	Loading extension 'doh-rollout@mozilla.org': Reading manifest: Invalid extension permission: networkStatus
1583838152848	addons.webextension.screenshots@mozilla.org	WARN	Loading extension 'screenshots@mozilla.org': Reading manifest: Invalid extension permission: mozillaAddons
1583838152848	addons.webextension.screenshots@mozilla.org	WARN	Loading extension 'screenshots@mozilla.org': Reading manifest: Invalid extension permission: telemetry
1583838152848	addons.webextension.screenshots@mozilla.org	WARN	Loading extension 'screenshots@mozilla.org': Reading manifest: Invalid extension permission: resource://pdf.js/
1583838152848	addons.webextension.screenshots@mozilla.org	WARN	Loading extension 'screenshots@mozilla.org': Reading manifest: Invalid extension permission: about:reader*
1583838155706	Marionette	INFO	Listening on port 57222
1583838155810	Marionette	WARN	TLS certificate errors will be ignored for this session
1583838163088	Marionette	INFO	Stopped listening on port 57222
1583838177738	mozrunner::runner	INFO	Running command: "/Applications/Firefox Developer Edition.app/Contents/MacOS/firefox-bin" "-marionette" "-foreground" "-no-remote" "-profile" "/var/folders/gy/_51ddh5s1c16m2_q3rgjc_bc0000gn/T/rust_mozprofile.t7jUkqgF81XY"
1583838178888	addons.webextension.doh-rollout@mozilla.org	WARN	Loading extension 'doh-rollout@mozilla.org': Reading manifest: Invalid extension permission: networkStatus
1583838179410	addons.webextension.screenshots@mozilla.org	WARN	Loading extension 'screenshots@mozilla.org': Reading manifest: Invalid extension permission: mozillaAddons
1583838179410	addons.webextension.screenshots@mozilla.org	WARN	Loading extension 'screenshots@mozilla.org': Reading manifest: Invalid extension permission: telemetry
1583838179410	addons.webextension.screenshots@mozilla.org	WARN	Loading extension 'screenshots@mozilla.org': Reading manifest: Invalid extension permission: resource://pdf.js/
1583838179410	addons.webextension.screenshots@mozilla.org	WARN	Loading extension 'screenshots@mozilla.org': Reading manifest: Invalid extension permission: about:reader*
1583838181833	Marionette	INFO	Listening on port 57319
1583838181888	Marionette	WARN	TLS certificate errors will be ignored for this session
1583838188631	Marionette	INFO	Stopped listening on port 57319
1583838222207	mozrunner::runner	INFO	Running command: "/Applications/Firefox Developer Edition.app/Contents/MacOS/firefox-bin" "-marionette" "-foreground" "-no-remote" "-profile" "/var/folders/gy/_51ddh5s1c16m2_q3rgjc_bc0000gn/T/rust_mozprofile.7M40l4zS2Xn6"
1583838223373	addons.webextension.doh-rollout@mozilla.org	WARN	Loading extension 'doh-rollout@mozilla.org': Reading manifest: Invalid extension permission: networkStatus
1583838223891	addons.webextension.screenshots@mozilla.org	WARN	Loading extension 'screenshots@mozilla.org': Reading manifest: Invalid extension permission: mozillaAddons
1583838223891	addons.webextension.screenshots@mozilla.org	WARN	Loading extension 'screenshots@mozilla.org': Reading manifest: Invalid extension permission: telemetry
1583838223891	addons.webextension.screenshots@mozilla.org	WARN	Loading extension 'screenshots@mozilla.org': Reading manifest: Invalid extension permission: resource://pdf.js/
1583838223891	addons.webextension.screenshots@mozilla.org	WARN	Loading extension 'screenshots@mozilla.org': Reading manifest: Invalid extension permission: about:reader*
1583838226625	Marionette	INFO	Listening on port 57411
1583838226655	Marionette	WARN	TLS certificate errors will be ignored for this session
1583838233522	Marionette	INFO	Stopped listening on port 57411
1583838253946	mozrunner::runner	INFO	Running command: "/Applications/Firefox Developer Edition.app/Contents/MacOS/firefox-bin" "-marionette" "-foreground" "-no-remote" "-profile" "/var/folders/gy/_51ddh5s1c16m2_q3rgjc_bc0000gn/T/rust_mozprofile.NUgSOH32oA2n"
1583838255093	addons.webextension.doh-rollout@mozilla.org	WARN	Loading extension 'doh-rollout@mozilla.org': Reading manifest: Invalid extension permission: networkStatus
1583838255613	addons.webextension.screenshots@mozilla.org	WARN	Loading extension 'screenshots@mozilla.org': Reading manifest: Invalid extension permission: mozillaAddons
1583838255613	addons.webextension.screenshots@mozilla.org	WARN	Loading extension 'screenshots@mozilla.org': Reading manifest: Invalid extension permission: telemetry
1583838255613	addons.webextension.screenshots@mozilla.org	WARN	Loading extension 'screenshots@mozilla.org': Reading manifest: Invalid extension permission: resource://pdf.js/
1583838255613	addons.webextension.screenshots@mozilla.org	WARN	Loading extension 'screenshots@mozilla.org': Reading manifest: Invalid extension permission: about:reader*
1583838258135	Marionette	INFO	Listening on port 57505
1583838258184	Marionette	WARN	TLS certificate errors will be ignored for this session
1583838265045	Marionette	INFO	Stopped listening on port 57505
1583838354740	mozrunner::runner	INFO	Running command: "/Applications/Firefox Developer Edition.app/Contents/MacOS/firefox-bin" "-marionette" "-foreground" "-no-remote" "-profile" "/var/folders/gy/_51ddh5s1c16m2_q3rgjc_bc0000gn/T/rust_mozprofile.sK1tjgvlx9La"
1583838355926	addons.webextension.doh-rollout@mozilla.org	WARN	Loading extension 'doh-rollout@mozilla.org': Reading manifest: Invalid extension permission: networkStatus
1583838356443	addons.webextension.screenshots@mozilla.org	WARN	Loading extension 'screenshots@mozilla.org': Reading manifest: Invalid extension permission: mozillaAddons
1583838356443	addons.webextension.screenshots@mozilla.org	WARN	Loading extension 'screenshots@mozilla.org': Reading manifest: Invalid extension permission: telemetry
1583838356443	addons.webextension.screenshots@mozilla.org	WARN	Loading extension 'screenshots@mozilla.org': Reading manifest: Invalid extension permission: resource://pdf.js/
1583838356443	addons.webextension.screenshots@mozilla.org	WARN	Loading extension 'screenshots@mozilla.org': Reading manifest: Invalid extension permission: about:reader*
1583838359186	Marionette	INFO	Listening on port 57676
1583838359279	Marionette	WARN	TLS certificate errors will be ignored for this session
1583838367981	Marionette	INFO	Stopped listening on port 57676
1583838643790	mozrunner::runner	INFO	Running command: "/Applications/Firefox Developer Edition.app/Contents/MacOS/firefox-bin" "-marionette" "-foreground" "-no-remote" "-profile" "/var/folders/gy/_51ddh5s1c16m2_q3rgjc_bc0000gn/T/rust_mozprofile.ypvH1YIvNbBw"
1583838645068	addons.webextension.doh-rollout@mozilla.org	WARN	Loading extension 'doh-rollout@mozilla.org': Reading manifest: Invalid extension permission: networkStatus
1583838645620	addons.webextension.screenshots@mozilla.org	WARN	Loading extension 'screenshots@mozilla.org': Reading manifest: Invalid extension permission: mozillaAddons
1583838645620	addons.webextension.screenshots@mozilla.org	WARN	Loading extension 'screenshots@mozilla.org': Reading manifest: Invalid extension permission: telemetry
1583838645620	addons.webextension.screenshots@mozilla.org	WARN	Loading extension 'screenshots@mozilla.org': Reading manifest: Invalid extension permission: resource://pdf.js/
1583838645620	addons.webextension.screenshots@mozilla.org	WARN	Loading extension 'screenshots@mozilla.org': Reading manifest: Invalid extension permission: about:reader*
1583838648289	Marionette	INFO	Listening on port 57903
1583838648329	Marionette	WARN	TLS certificate errors will be ignored for this session
1583838655382	Marionette	INFO	Stopped listening on port 57903
1583838893335	mozrunner::runner	INFO	Running command: "/Applications/Firefox Developer Edition.app/Contents/MacOS/firefox-bin" "-marionette" "-foreground" "-no-remote" "-profile" "/var/folders/gy/_51ddh5s1c16m2_q3rgjc_bc0000gn/T/rust_mozprofile.QNF2IthwjdLu"
1583838894688	addons.webextension.doh-rollout@mozilla.org	WARN	Loading extension 'doh-rollout@mozilla.org': Reading manifest: Invalid extension permission: networkStatus
1583838895201	addons.webextension.screenshots@mozilla.org	WARN	Loading extension 'screenshots@mozilla.org': Reading manifest: Invalid extension permission: mozillaAddons
1583838895201	addons.webextension.screenshots@mozilla.org	WARN	Loading extension 'screenshots@mozilla.org': Reading manifest: Invalid extension permission: telemetry
1583838895201	addons.webextension.screenshots@mozilla.org	WARN	Loading extension 'screenshots@mozilla.org': Reading manifest: Invalid extension permission: resource://pdf.js/
1583838895201	addons.webextension.screenshots@mozilla.org	WARN	Loading extension 'screenshots@mozilla.org': Reading manifest: Invalid extension permission: about:reader*
1583838897887	Marionette	INFO	Listening on port 58067
1583838897986	Marionette	WARN	TLS certificate errors will be ignored for this session
1583838904764	Marionette	INFO	Stopped listening on port 58067
1583838925152	mozrunner::runner	INFO	Running command: "/Applications/Firefox Developer Edition.app/Contents/MacOS/firefox-bin" "-marionette" "-foreground" "-no-remote" "-profile" "/var/folders/gy/_51ddh5s1c16m2_q3rgjc_bc0000gn/T/rust_mozprofile.PY2Ss2Qw8OtN"
1583838926289	addons.webextension.doh-rollout@mozilla.org	WARN	Loading extension 'doh-rollout@mozilla.org': Reading manifest: Invalid extension permission: networkStatus
1583838926801	addons.webextension.screenshots@mozilla.org	WARN	Loading extension 'screenshots@mozilla.org': Reading manifest: Invalid extension permission: mozillaAddons
1583838926801	addons.webextension.screenshots@mozilla.org	WARN	Loading extension 'screenshots@mozilla.org': Reading manifest: Invalid extension permission: telemetry
1583838926801	addons.webextension.screenshots@mozilla.org	WARN	Loading extension 'screenshots@mozilla.org': Reading manifest: Invalid extension permission: resource://pdf.js/
1583838926801	addons.webextension.screenshots@mozilla.org	WARN	Loading extension 'screenshots@mozilla.org': Reading manifest: Invalid extension permission: about:reader*
1583838929267	Marionette	INFO	Listening on port 58165
1583838929293	Marionette	WARN	TLS certificate errors will be ignored for this session
1583838936720	Marionette	INFO	Stopped listening on port 58165
1583838986083	mozrunner::runner	INFO	Running command: "/Applications/Firefox Developer Edition.app/Contents/MacOS/firefox-bin" "-marionette" "-foreground" "-no-remote" "-profile" "/var/folders/gy/_51ddh5s1c16m2_q3rgjc_bc0000gn/T/rust_mozprofile.EOWMaIrQ0esY"
1583838987221	addons.webextension.doh-rollout@mozilla.org	WARN	Loading extension 'doh-rollout@mozilla.org': Reading manifest: Invalid extension permission: networkStatus
1583838987731	addons.webextension.screenshots@mozilla.org	WARN	Loading extension 'screenshots@mozilla.org': Reading manifest: Invalid extension permission: mozillaAddons
1583838987731	addons.webextension.screenshots@mozilla.org	WARN	Loading extension 'screenshots@mozilla.org': Reading manifest: Invalid extension permission: telemetry
1583838987731	addons.webextension.screenshots@mozilla.org	WARN	Loading extension 'screenshots@mozilla.org': Reading manifest: Invalid extension permission: resource://pdf.js/
1583838987731	addons.webextension.screenshots@mozilla.org	WARN	Loading extension 'screenshots@mozilla.org': Reading manifest: Invalid extension permission: about:reader*
1583838990265	Marionette	INFO	Listening on port 58261
1583838990308	Marionette	WARN	TLS certificate errors will be ignored for this session
Exiting due to channel error.
Exiting due to channel error.
[GFX1-]: Receive IPC close with reason=AbnormalShutdown
Exiting due to channel error.
1583838996669	mozrunner::runner	INFO	Running command: "/Applications/Firefox Developer Edition.app/Contents/MacOS/firefox-bin" "-marionette" "-foreground" "-no-remote" "-profile" "/var/folders/gy/_51ddh5s1c16m2_q3rgjc_bc0000gn/T/rust_mozprofile.fEAWPOqPbjQY"
1583838997802	addons.webextension.doh-rollout@mozilla.org	WARN	Loading extension 'doh-rollout@mozilla.org': Reading manifest: Invalid extension permission: networkStatus
1583838998318	addons.webextension.screenshots@mozilla.org	WARN	Loading extension 'screenshots@mozilla.org': Reading manifest: Invalid extension permission: mozillaAddons
1583838998318	addons.webextension.screenshots@mozilla.org	WARN	Loading extension 'screenshots@mozilla.org': Reading manifest: Invalid extension permission: telemetry
1583838998318	addons.webextension.screenshots@mozilla.org	WARN	Loading extension 'screenshots@mozilla.org': Reading manifest: Invalid extension permission: resource://pdf.js/
1583838998319	addons.webextension.screenshots@mozilla.org	WARN	Loading extension 'screenshots@mozilla.org': Reading manifest: Invalid extension permission: about:reader*
1583839000800	Marionette	INFO	Listening on port 58347
1583839000907	Marionette	WARN	TLS certificate errors will be ignored for this session
1583839008865	Marionette	INFO	Stopped listening on port 58347
1583839143231	mozrunner::runner	INFO	Running command: "/Applications/Firefox Developer Edition.app/Contents/MacOS/firefox-bin" "-marionette" "-foreground" "-no-remote" "-profile" "/var/folders/gy/_51ddh5s1c16m2_q3rgjc_bc0000gn/T/rust_mozprofile.q6PuyHJBDeAj"
1583839144368	addons.webextension.doh-rollout@mozilla.org	WARN	Loading extension 'doh-rollout@mozilla.org': Reading manifest: Invalid extension permission: networkStatus
1583839144877	addons.webextension.screenshots@mozilla.org	WARN	Loading extension 'screenshots@mozilla.org': Reading manifest: Invalid extension permission: mozillaAddons
1583839144878	addons.webextension.screenshots@mozilla.org	WARN	Loading extension 'screenshots@mozilla.org': Reading manifest: Invalid extension permission: telemetry
1583839144878	addons.webextension.screenshots@mozilla.org	WARN	Loading extension 'screenshots@mozilla.org': Reading manifest: Invalid extension permission: resource://pdf.js/
1583839144878	addons.webextension.screenshots@mozilla.org	WARN	Loading extension 'screenshots@mozilla.org': Reading manifest: Invalid extension permission: about:reader*
1583839147594	Marionette	INFO	Listening on port 58465
1583839147674	Marionette	WARN	TLS certificate errors will be ignored for this session
1583839154568	Marionette	INFO	Stopped listening on port 58465
1583839837466	mozrunner::runner	INFO	Running command: "/Applications/Firefox Developer Edition.app/Contents/MacOS/firefox-bin" "-marionette" "-foreground" "-no-remote" "-profile" "/var/folders/gy/_51ddh5s1c16m2_q3rgjc_bc0000gn/T/rust_mozprofile.ddj55vTU25Z4"
1583839838775	addons.webextension.doh-rollout@mozilla.org	WARN	Loading extension 'doh-rollout@mozilla.org': Reading manifest: Invalid extension permission: networkStatus
1583839839294	addons.webextension.screenshots@mozilla.org	WARN	Loading extension 'screenshots@mozilla.org': Reading manifest: Invalid extension permission: mozillaAddons
1583839839294	addons.webextension.screenshots@mozilla.org	WARN	Loading extension 'screenshots@mozilla.org': Reading manifest: Invalid extension permission: telemetry
1583839839294	addons.webextension.screenshots@mozilla.org	WARN	Loading extension 'screenshots@mozilla.org': Reading manifest: Invalid extension permission: resource://pdf.js/
1583839839295	addons.webextension.screenshots@mozilla.org	WARN	Loading extension 'screenshots@mozilla.org': Reading manifest: Invalid extension permission: about:reader*
1583839841946	Marionette	INFO	Listening on port 59083
1583839842009	Marionette	WARN	TLS certificate errors will be ignored for this session
JavaScript error: https://www.google.com/xjs/_/js/k=xjs.s.da.fnBJByJIpsQ.O/ck=xjs.s.zVSLCIsGpL4.L.F4.O/m=sb,ZyRBae,cdos,cr,epb,hsm,jsa,d,csi/am=AAAAAEsAZwAAAP4HAQAA1DEAACBAm2BjgTBISAgArBA/d=1/dg=2/ct=zgms/rs=ACT90oGUSpU5oJJGbU-QvfjZ5ZIOtFX17A, line 436: TypeError: a is null
1583839849161	Marionette	INFO	Stopped listening on port 59083
1583839934731	mozrunner::runner	INFO	Running command: "/Applications/Firefox Developer Edition.app/Contents/MacOS/firefox-bin" "-marionette" "-foreground" "-no-remote" "-profile" "/var/folders/gy/_51ddh5s1c16m2_q3rgjc_bc0000gn/T/rust_mozprofile.tJrOdYUmbKSD"
1583839935857	addons.webextension.doh-rollout@mozilla.org	WARN	Loading extension 'doh-rollout@mozilla.org': Reading manifest: Invalid extension permission: networkStatus
1583839936373	addons.webextension.screenshots@mozilla.org	WARN	Loading extension 'screenshots@mozilla.org': Reading manifest: Invalid extension permission: mozillaAddons
1583839936373	addons.webextension.screenshots@mozilla.org	WARN	Loading extension 'screenshots@mozilla.org': Reading manifest: Invalid extension permission: telemetry
1583839936373	addons.webextension.screenshots@mozilla.org	WARN	Loading extension 'screenshots@mozilla.org': Reading manifest: Invalid extension permission: resource://pdf.js/
1583839936373	addons.webextension.screenshots@mozilla.org	WARN	Loading extension 'screenshots@mozilla.org': Reading manifest: Invalid extension permission: about:reader*
1583839939110	Marionette	INFO	Listening on port 59187
1583839939169	Marionette	WARN	TLS certificate errors will be ignored for this session
JavaScript error: https://www.google.com/xjs/_/js/k=xjs.s.da.fnBJByJIpsQ.O/ck=xjs.s.zVSLCIsGpL4.L.F4.O/m=sb,ZyRBae,cdos,cr,epb,hsm,jsa,d,csi/am=AAAAAEsAZwAAAP4HAQAA1DEAACBAm2BjgTBISAgArBA/d=1/dg=2/ct=zgms/rs=ACT90oGUSpU5oJJGbU-QvfjZ5ZIOtFX17A, line 436: TypeError: a is null
1583839959219	Marionette	INFO	Stopped listening on port 59187
1583839987149	mozrunner::runner	INFO	Running command: "/Applications/Firefox Developer Edition.app/Contents/MacOS/firefox-bin" "-marionette" "-foreground" "-no-remote" "-profile" "/var/folders/gy/_51ddh5s1c16m2_q3rgjc_bc0000gn/T/rust_mozprofile.hdVi8nYcwQmk"
1583839988284	addons.webextension.doh-rollout@mozilla.org	WARN	Loading extension 'doh-rollout@mozilla.org': Reading manifest: Invalid extension permission: networkStatus
1583839988797	addons.webextension.screenshots@mozilla.org	WARN	Loading extension 'screenshots@mozilla.org': Reading manifest: Invalid extension permission: mozillaAddons
1583839988797	addons.webextension.screenshots@mozilla.org	WARN	Loading extension 'screenshots@mozilla.org': Reading manifest: Invalid extension permission: telemetry
1583839988798	addons.webextension.screenshots@mozilla.org	WARN	Loading extension 'screenshots@mozilla.org': Reading manifest: Invalid extension permission: resource://pdf.js/
1583839988798	addons.webextension.screenshots@mozilla.org	WARN	Loading extension 'screenshots@mozilla.org': Reading manifest: Invalid extension permission: about:reader*
1583839991252	Marionette	INFO	Listening on port 59284
1583839991272	Marionette	WARN	TLS certificate errors will be ignored for this session
1583840011361	Marionette	INFO	Stopped listening on port 59284
1583840121406	mozrunner::runner	INFO	Running command: "/Applications/Firefox Developer Edition.app/Contents/MacOS/firefox-bin" "-marionette" "-foreground" "-no-remote" "-profile" "/var/folders/gy/_51ddh5s1c16m2_q3rgjc_bc0000gn/T/rust_mozprofile.LIJ00FP1aA9L"
1583840122428	addons.webextension.doh-rollout@mozilla.org	WARN	Loading extension 'doh-rollout@mozilla.org': Reading manifest: Invalid extension permission: networkStatus
1583840122946	addons.webextension.screenshots@mozilla.org	WARN	Loading extension 'screenshots@mozilla.org': Reading manifest: Invalid extension permission: mozillaAddons
1583840122946	addons.webextension.screenshots@mozilla.org	WARN	Loading extension 'screenshots@mozilla.org': Reading manifest: Invalid extension permission: telemetry
1583840122946	addons.webextension.screenshots@mozilla.org	WARN	Loading extension 'screenshots@mozilla.org': Reading manifest: Invalid extension permission: resource://pdf.js/
1583840122946	addons.webextension.screenshots@mozilla.org	WARN	Loading extension 'screenshots@mozilla.org': Reading manifest: Invalid extension permission: about:reader*
1583840125503	Marionette	INFO	Listening on port 59389
1583840125530	Marionette	WARN	TLS certificate errors will be ignored for this session
1583840145715	Marionette	INFO	Stopped listening on port 59389
1583847771872	mozrunner::runner	INFO	Running command: "/Applications/Firefox Developer Edition.app/Contents/MacOS/firefox-bin" "-marionette" "-foreground" "-no-remote" "-profile" "/var/folders/gy/_51ddh5s1c16m2_q3rgjc_bc0000gn/T/rust_mozprofile.BLPyoamxW4aa"
1583847773046	addons.webextension.doh-rollout@mozilla.org	WARN	Loading extension 'doh-rollout@mozilla.org': Reading manifest: Invalid extension permission: networkStatus
1583847773579	addons.webextension.screenshots@mozilla.org	WARN	Loading extension 'screenshots@mozilla.org': Reading manifest: Invalid extension permission: mozillaAddons
1583847773579	addons.webextension.screenshots@mozilla.org	WARN	Loading extension 'screenshots@mozilla.org': Reading manifest: Invalid extension permission: telemetry
1583847773579	addons.webextension.screenshots@mozilla.org	WARN	Loading extension 'screenshots@mozilla.org': Reading manifest: Invalid extension permission: resource://pdf.js/
1583847773579	addons.webextension.screenshots@mozilla.org	WARN	Loading extension 'screenshots@mozilla.org': Reading manifest: Invalid extension permission: about:reader*
1583847776198	Marionette	INFO	Listening on port 61013
1583847776305	Marionette	WARN	TLS certificate errors will be ignored for this session
Exiting due to channel error.
[GFX1-]: Receive IPC close with reason=AbnormalShutdown
Exiting due to channel error.
[GFX1-]: Receive IPC close with reason=AbnormalShutdown
Exiting due to channel error.
1583847813573	mozrunner::runner	INFO	Running command: "/Applications/Firefox Developer Edition.app/Contents/MacOS/firefox-bin" "-marionette" "-foreground" "-no-remote" "-profile" "/var/folders/gy/_51ddh5s1c16m2_q3rgjc_bc0000gn/T/rust_mozprofile.JnewuHShnt8O"
1583847814708	addons.webextension.doh-rollout@mozilla.org	WARN	Loading extension 'doh-rollout@mozilla.org': Reading manifest: Invalid extension permission: networkStatus
1583847815223	addons.webextension.screenshots@mozilla.org	WARN	Loading extension 'screenshots@mozilla.org': Reading manifest: Invalid extension permission: mozillaAddons
1583847815223	addons.webextension.screenshots@mozilla.org	WARN	Loading extension 'screenshots@mozilla.org': Reading manifest: Invalid extension permission: telemetry
1583847815223	addons.webextension.screenshots@mozilla.org	WARN	Loading extension 'screenshots@mozilla.org': Reading manifest: Invalid extension permission: resource://pdf.js/
1583847815224	addons.webextension.screenshots@mozilla.org	WARN	Loading extension 'screenshots@mozilla.org': Reading manifest: Invalid extension permission: about:reader*
1583847817725	Marionette	INFO	Listening on port 61121
1583847817827	Marionette	WARN	TLS certificate errors will be ignored for this session
[GFX1-]: Receive IPC close with reason=AbnormalShutdown
Exiting due to channel error.
[GFX1-]: Receive IPC close with reason=AbnormalShutdown
Exiting due to channel error.
Exiting due to channel error.
1583848002133	mozrunner::runner	INFO	Running command: "/Applications/Firefox Developer Edition.app/Contents/MacOS/firefox-bin" "-marionette" "-foreground" "-no-remote" "-profile" "/var/folders/gy/_51ddh5s1c16m2_q3rgjc_bc0000gn/T/rust_mozprofile.IdeKFktz9g2p"
1583848003317	addons.webextension.doh-rollout@mozilla.org	WARN	Loading extension 'doh-rollout@mozilla.org': Reading manifest: Invalid extension permission: networkStatus
1583848003830	addons.webextension.screenshots@mozilla.org	WARN	Loading extension 'screenshots@mozilla.org': Reading manifest: Invalid extension permission: mozillaAddons
1583848003830	addons.webextension.screenshots@mozilla.org	WARN	Loading extension 'screenshots@mozilla.org': Reading manifest: Invalid extension permission: telemetry
1583848003831	addons.webextension.screenshots@mozilla.org	WARN	Loading extension 'screenshots@mozilla.org': Reading manifest: Invalid extension permission: resource://pdf.js/
1583848003831	addons.webextension.screenshots@mozilla.org	WARN	Loading extension 'screenshots@mozilla.org': Reading manifest: Invalid extension permission: about:reader*
1583848006454	Marionette	INFO	Listening on port 61392
1583848006472	Marionette	WARN	TLS certificate errors will be ignored for this session
Exiting due to channel error.
[GFX1-]: Receive IPC close with reason=AbnormalShutdown
[GFX1-]: Receive IPC close with reason=AbnormalShutdown
Exiting due to channel error.
Exiting due to channel error.
1583848045320	mozrunner::runner	INFO	Running command: "/Applications/Firefox Developer Edition.app/Contents/MacOS/firefox-bin" "-marionette" "-foreground" "-no-remote" "-profile" "/var/folders/gy/_51ddh5s1c16m2_q3rgjc_bc0000gn/T/rust_mozprofile.nNvMAPtPAjWG"
1583848046453	addons.webextension.doh-rollout@mozilla.org	WARN	Loading extension 'doh-rollout@mozilla.org': Reading manifest: Invalid extension permission: networkStatus
1583848046963	addons.webextension.screenshots@mozilla.org	WARN	Loading extension 'screenshots@mozilla.org': Reading manifest: Invalid extension permission: mozillaAddons
1583848046963	addons.webextension.screenshots@mozilla.org	WARN	Loading extension 'screenshots@mozilla.org': Reading manifest: Invalid extension permission: telemetry
1583848046963	addons.webextension.screenshots@mozilla.org	WARN	Loading extension 'screenshots@mozilla.org': Reading manifest: Invalid extension permission: resource://pdf.js/
1583848046963	addons.webextension.screenshots@mozilla.org	WARN	Loading extension 'screenshots@mozilla.org': Reading manifest: Invalid extension permission: about:reader*
1583848049509	Marionette	INFO	Listening on port 61503
1583848049555	Marionette	WARN	TLS certificate errors will be ignored for this session
1583848063092	mozrunner::runner	INFO	Running command: "/Applications/Firefox Developer Edition.app/Contents/MacOS/firefox-bin" "-marionette" "-foreground" "-no-remote" "-profile" "/var/folders/gy/_51ddh5s1c16m2_q3rgjc_bc0000gn/T/rust_mozprofile.H6UI1FTD2fR5"
1583848064415	addons.webextension.doh-rollout@mozilla.org	WARN	Loading extension 'doh-rollout@mozilla.org': Reading manifest: Invalid extension permission: networkStatus
1583848064945	addons.webextension.screenshots@mozilla.org	WARN	Loading extension 'screenshots@mozilla.org': Reading manifest: Invalid extension permission: mozillaAddons
1583848064946	addons.webextension.screenshots@mozilla.org	WARN	Loading extension 'screenshots@mozilla.org': Reading manifest: Invalid extension permission: telemetry
1583848064946	addons.webextension.screenshots@mozilla.org	WARN	Loading extension 'screenshots@mozilla.org': Reading manifest: Invalid extension permission: resource://pdf.js/
1583848064946	addons.webextension.screenshots@mozilla.org	WARN	Loading extension 'screenshots@mozilla.org': Reading manifest: Invalid extension permission: about:reader*
1583848067561	Marionette	INFO	Listening on port 61609
1583848067636	Marionette	WARN	TLS certificate errors will be ignored for this session
1583848073924	Marionette	INFO	Stopped listening on port 61609
Exiting due to channel error.
Exiting due to channel error.
Exiting due to channel error.
Exiting due to channel error.
1583848103529	mozrunner::runner	INFO	Running command: "/Applications/Firefox Developer Edition.app/Contents/MacOS/firefox-bin" "-marionette" "-foreground" "-no-remote" "-profile" "/var/folders/gy/_51ddh5s1c16m2_q3rgjc_bc0000gn/T/rust_mozprofile.z1hXukrutsUx"
1583848104666	addons.webextension.doh-rollout@mozilla.org	WARN	Loading extension 'doh-rollout@mozilla.org': Reading manifest: Invalid extension permission: networkStatus
1583848105177	addons.webextension.screenshots@mozilla.org	WARN	Loading extension 'screenshots@mozilla.org': Reading manifest: Invalid extension permission: mozillaAddons
1583848105177	addons.webextension.screenshots@mozilla.org	WARN	Loading extension 'screenshots@mozilla.org': Reading manifest: Invalid extension permission: telemetry
1583848105177	addons.webextension.screenshots@mozilla.org	WARN	Loading extension 'screenshots@mozilla.org': Reading manifest: Invalid extension permission: resource://pdf.js/
1583848105177	addons.webextension.screenshots@mozilla.org	WARN	Loading extension 'screenshots@mozilla.org': Reading manifest: Invalid extension permission: about:reader*
1583848107725	Marionette	INFO	Listening on port 61721
1583848107753	Marionette	WARN	TLS certificate errors will be ignored for this session
Exiting due to channel error.
Exiting due to channel error.
Exiting due to channel error.
